[debug] > Exec(reload, None, None)
[debug] > Exec(sbtStashOnFailure, None, None)
[debug] > Exec(onFailure loadFailed, None, None)
[debug] > Exec(loadp, None, None)
[info] welcome to sbt 1.6.2 (Oracle Corporation Java 18.0.1.1)
[debug]             Load.loadUnit: plugins took 49.4523ms
[debug]             Load.loadUnit: defsScala took 0.0064ms
[debug] [Loading] Scanning directory C:\Users\akmal.soliev\.sbt\1.0\plugins
[debug] [Loading] Found non-root projects 
[debug] [Loading] Done in C:\Users\akmal.soliev\.sbt\1.0\plugins, returning: ()
[debug] deducing auto plugins based on known facts Set(Atom(sbt.plugins.CorePlugin)) and clauses Clauses(Clause(Atom(sbt.plugins.JvmPlugin),Set(Atom(sbt.plugins.IvyPlugin)))
[debug] Clause(Atom(sbt.ScriptedPlugin),Set(Atom(sbt.plugins.JvmPlugin)))
[debug] Clause(Atom(sbt.plugins.SbtPlugin),Set(Atom(sbt.ScriptedPlugin)))
[debug] Clause(Atom(sbt.plugins.SemanticdbPlugin),Set(Atom(sbt.plugins.JvmPlugin)))
[debug] Clause(Atom(sbt.plugins.JUnitXmlReportPlugin),Set(Atom(sbt.plugins.JvmPlugin)))
[debug] Clause(Atom(sbt.plugins.MiniDependencyTreePlugin),Set(Atom(sbt.plugins.JvmPlugin)))
[debug] Clause(Atom(sbt.plugins.CorePlugin),Set(Atom(sbt.plugins.IvyPlugin)))
[debug] Clause(Atom(sbt.plugins.IvyPlugin),Set(Atom(sbt.plugins.JvmPlugin)))
[debug] Clause(Atom(sbt.plugins.JvmPlugin),Set(Atom(sbt.plugins.SemanticdbPlugin)))
[debug] Clause(Atom(sbt.plugins.JvmPlugin),Set(Atom(sbt.plugins.JUnitXmlReportPlugin)))
[debug] Clause(Atom(sbt.plugins.CorePlugin),Set(Atom(sbt.plugins.Giter8TemplatePlugin)))
[debug] Clause(Atom(sbt.plugins.JvmPlugin),Set(Atom(sbt.plugins.MiniDependencyTreePlugin))))
[debug]   :: deduced result: Matched(sbt.plugins.CorePlugin,sbt.plugins.Giter8TemplatePlugin,sbt.plugins.IvyPlugin,sbt.plugins.JvmPlugin,sbt.plugins.MiniDependencyTreePlugin,sbt.plugins.JUnitXmlReportPlugin,sbt.plugins.SemanticdbPlugin)
[debug] Plugins.deducer#function took 1.8382 ms
[debug]                 Load.resolveProject(global-plugins) took 2.5596ms
[debug]               Load.loadTransitive: finalizeProject(Project(id global-plugins, base: C:\Users\akmal.soliev\.sbt\1.0\plugins, plugins: List(<none>))) took 5.1172ms
[debug] [Loading] Done in C:\Users\akmal.soliev\.sbt\1.0\plugins, returning: (global-plugins)
[debug]             Load.loadUnit: loadedProjectsRaw took 8.1872ms
[debug]             Load.loadUnit: cleanEvalClasses took 0.026ms
[debug]           Load.loadUnit(file:/C:/Users/akmal.soliev/.sbt/1.0/plugins/, ...) took 59.8716ms
[debug]         Load.apply: load took 62.1627ms
[debug]         Load.apply: resolveProjects took 0.127ms
[debug]         Load.apply: finalTransforms took 15.5686ms
[debug]         Load.apply: config.delegates took 0.5224ms
[debug]         Load.apply: Def.make(settings)... took 82.0162ms
[debug]         Load.apply: structureIndex took 31.2321ms
[debug]         Load.apply: mkStreams took 0.0114ms
[info] loading global plugins from C:\Users\akmal.soliev\.sbt\1.0\plugins
[debug] Running task... Cancel: Signal, check cycles: false, forcegc: true
[debug]       Load.defaultLoad until apply took 585.6864ms
[debug]                 Load.loadUnit: plugins took 34.0871ms
[debug]                 Load.loadUnit: defsScala took 0.0065ms
[debug] [Loading] Scanning directory C:\Users\akmal.soliev\OneDrive - Nunatac S.r.l\Formazione\Scala\programming-with-scala-notepad\lesson12-seasled-traits\project
[debug]                   Load.loadUnit: mkEval took 0.7091ms
[debug] [Loading] Found non-root projects 
[debug] [Loading] Done in C:\Users\akmal.soliev\OneDrive - Nunatac S.r.l\Formazione\Scala\programming-with-scala-notepad\lesson12-seasled-traits\project, returning: ()
[debug] deducing auto plugins based on known facts Set(Atom(sbt.plugins.CorePlugin)) and clauses Clauses(Clause(Atom(sbt.plugins.JvmPlugin),Set(Atom(sbt.plugins.IvyPlugin)))
[debug] Clause(Atom(sbt.ScriptedPlugin),Set(Atom(sbt.plugins.JvmPlugin)))
[debug] Clause(Atom(sbt.plugins.SbtPlugin),Set(Atom(sbt.ScriptedPlugin)))
[debug] Clause(Atom(sbt.plugins.SemanticdbPlugin),Set(Atom(sbt.plugins.JvmPlugin)))
[debug] Clause(Atom(sbt.plugins.JUnitXmlReportPlugin),Set(Atom(sbt.plugins.JvmPlugin)))
[debug] Clause(Atom(sbt.plugins.MiniDependencyTreePlugin),Set(Atom(sbt.plugins.JvmPlugin)))
[debug] Clause(Atom(sbt.plugins.CorePlugin),Set(Atom(sbt.plugins.IvyPlugin)))
[debug] Clause(Atom(sbt.plugins.IvyPlugin),Set(Atom(sbt.plugins.JvmPlugin)))
[debug] Clause(Atom(sbt.plugins.JvmPlugin),Set(Atom(sbt.plugins.SemanticdbPlugin)))
[debug] Clause(Atom(sbt.plugins.JvmPlugin),Set(Atom(sbt.plugins.JUnitXmlReportPlugin)))
[debug] Clause(Atom(sbt.plugins.CorePlugin),Set(Atom(sbt.plugins.Giter8TemplatePlugin)))
[debug] Clause(Atom(sbt.plugins.JvmPlugin),Set(Atom(sbt.plugins.MiniDependencyTreePlugin))))
[debug]   :: deduced result: Matched(sbt.plugins.CorePlugin,sbt.plugins.Giter8TemplatePlugin,sbt.plugins.IvyPlugin,sbt.plugins.JvmPlugin,sbt.plugins.MiniDependencyTreePlugin,sbt.plugins.JUnitXmlReportPlugin,sbt.plugins.SemanticdbPlugin)
[debug] Plugins.deducer#function took 1.6373 ms
[info] loading settings for project lesson12-seasled-traits-build from idea.sbt ...
[debug]                     Load.resolveProject(lesson12-seasled-traits-build) took 2.4576ms
[debug]                   Load.loadTransitive: finalizeProject(Project(id lesson12-seasled-traits-build, base: C:\Users\akmal.soliev\OneDrive - Nunatac S.r.l\Formazione\Scala\programming-with-scala-notepad\lesson12-seasled-traits\project, plugins: List(<none>))) took 4.6463ms
[debug] [Loading] Done in C:\Users\akmal.soliev\OneDrive - Nunatac S.r.l\Formazione\Scala\programming-with-scala-notepad\lesson12-seasled-traits\project, returning: (lesson12-seasled-traits-build)
[debug]                 Load.loadUnit: loadedProjectsRaw took 46.0394ms
[debug]                 Load.loadUnit: cleanEvalClasses took 11.1298ms
[debug]               Load.loadUnit(file:/C:/Users/akmal.soliev/OneDrive%20-%20Nunatac%20S.r.l/Formazione/Scala/programming-with-scala-notepad/lesson12-seasled-traits/project/, ...) took 93.1583ms
[debug]             Load.apply: load took 95.9583ms
[debug]             Load.apply: resolveProjects took 0.1661ms
[debug]             Load.apply: finalTransforms took 8.8452ms
[debug]             Load.apply: config.delegates took 0.3385ms
[debug]             Load.apply: Def.make(settings)... took 113.8751ms
[debug]             Load.apply: structureIndex took 26.4902ms
[debug]             Load.apply: mkStreams took 0.0037ms
[info] loading project definition from C:\Users\akmal.soliev\OneDrive - Nunatac S.r.l\Formazione\Scala\programming-with-scala-notepad\lesson12-seasled-traits\project
[debug] Running task... Cancel: Signal, check cycles: false, forcegc: true
[warn] Unrecognized repository Scala Plugin Bundled Repository, ignoring it
[warn] Unrecognized repository Scala Plugin Bundled Repository, ignoring it
[debug]           Load.loadUnit: plugins took 1102.4167ms
[debug]           Load.loadUnit: defsScala took 0.0045ms
[debug] [Loading] Scanning directory C:\Users\akmal.soliev\OneDrive - Nunatac S.r.l\Formazione\Scala\programming-with-scala-notepad\lesson12-seasled-traits
[debug]             Load.loadUnit: mkEval took 0.5976ms
[debug] [Loading] Found root project root w/ remaining 
[debug] deducing auto plugins based on known facts Set(Atom(sbt.plugins.CorePlugin)) and clauses Clauses(Clause(Atom(sbt.plugins.JvmPlugin),Set(Atom(sbt.plugins.IvyPlugin)))
[debug] Clause(Atom(sbt.ScriptedPlugin),Set(Atom(sbt.plugins.JvmPlugin)))
[debug] Clause(Atom(sbt.plugins.SbtPlugin),Set(Atom(sbt.ScriptedPlugin)))
[debug] Clause(Atom(sbt.plugins.SemanticdbPlugin),Set(Atom(sbt.plugins.JvmPlugin)))
[debug] Clause(Atom(sbt.plugins.JUnitXmlReportPlugin),Set(Atom(sbt.plugins.JvmPlugin)))
[debug] Clause(Atom(sbt.plugins.MiniDependencyTreePlugin),Set(Atom(sbt.plugins.JvmPlugin)))
[debug] Clause(Atom(org.jetbrains.sbt.StructurePlugin),Set(Atom(sbt.plugins.JvmPlugin)))
[debug] Clause(Atom(org.jetbrains.sbt.IdeaShellPlugin),Set(Atom(sbt.plugins.JvmPlugin)))
[debug] Clause(Atom(org.jetbrains.sbt.indices.SbtIntellijIndicesPlugin),Set(Atom(sbt.plugins.JvmPlugin)))
[debug] Clause(Atom(sbt.plugins.CorePlugin),Set(Atom(sbt.plugins.IvyPlugin)))
[debug] Clause(Atom(sbt.plugins.IvyPlugin),Set(Atom(sbt.plugins.JvmPlugin)))
[debug] Clause(Atom(sbt.plugins.JvmPlugin),Set(Atom(sbt.plugins.SemanticdbPlugin)))
[debug] Clause(Atom(sbt.plugins.JvmPlugin),Set(Atom(sbt.plugins.JUnitXmlReportPlugin)))
[debug] Clause(Atom(sbt.plugins.CorePlugin),Set(Atom(sbt.plugins.Giter8TemplatePlugin)))
[debug] Clause(Atom(sbt.plugins.JvmPlugin),Set(Atom(sbt.plugins.MiniDependencyTreePlugin)))
[debug] Clause(Atom(sbt.plugins.JvmPlugin),Set(Atom(org.jetbrains.sbt.StructurePlugin)))
[debug] Clause(Atom(sbt.plugins.JvmPlugin),Set(Atom(org.jetbrains.sbt.IdeaShellPlugin)))
[debug] Clause(And(Set(Atom(sbt.plugins.CorePlugin), Atom(sbt.plugins.JvmPlugin))),Set(Atom(org.jetbrains.sbt.indices.SbtIntellijIndicesPlugin))))
[debug]   :: deduced result: Matched(sbt.plugins.CorePlugin,sbt.plugins.Giter8TemplatePlugin,sbt.plugins.IvyPlugin,sbt.plugins.JvmPlugin,sbt.plugins.SemanticdbPlugin,org.jetbrains.sbt.indices.SbtIntellijIndicesPlugin,sbt.plugins.JUnitXmlReportPlugin,org.jetbrains.sbt.IdeaShellPlugin,org.jetbrains.sbt.StructurePlugin,sbt.plugins.MiniDependencyTreePlugin)
[debug] Plugins.deducer#function took 2.4675 ms
[info] loading settings for project root from build.sbt ...
[debug]               Load.resolveProject(root) took 36.437ms
[debug]             Load.loadTransitive: finalizeProject(Project(id root, base: C:\Users\akmal.soliev\OneDrive - Nunatac S.r.l\Formazione\Scala\programming-with-scala-notepad\lesson12-seasled-traits, plugins: List(<none>))) took 41.1052ms
[debug] [Loading] Done in C:\Users\akmal.soliev\OneDrive - Nunatac S.r.l\Formazione\Scala\programming-with-scala-notepad\lesson12-seasled-traits, returning: (root)
[debug]           Load.loadUnit: loadedProjectsRaw took 1653.4238ms
[debug]           Load.loadUnit: cleanEvalClasses took 49.4853ms
[debug]         Load.loadUnit(file:/C:/Users/akmal.soliev/OneDrive%20-%20Nunatac%20S.r.l/Formazione/Scala/programming-with-scala-notepad/lesson12-seasled-traits/, ...) took 2807.0388ms
[debug]       Load.apply: load took 2810.626ms
[debug]       Load.apply: resolveProjects took 0.3134ms
[debug]       Load.apply: finalTransforms took 27.0451ms
[debug]       Load.apply: config.delegates took 0.3907ms
[debug]       Load.apply: Def.make(settings)... took 84.4396ms
[debug]       Load.apply: structureIndex took 19.8954ms
[debug]       Load.apply: mkStreams took 0.0035ms
[info] set current project to lesson12-seasled-traits (in build file:/C:/Users/akmal.soliev/OneDrive%20-%20Nunatac%20S.r.l/Formazione/Scala/programming-with-scala-notepad/lesson12-seasled-traits/)
[debug] > Exec(sbtPopOnFailure, None, None)
[debug] > Exec(resumeFromFailure, None, None)
[debug] > Exec(resumeFromFailure, None, None)
[debug] > Exec(notifyUsersAboutShell, None, None)
[debug] > Exec(iflast shell, None, None)
[debug] > Exec(; set ideaPort in Global := 63416 ; idea-shell, None, None)
[debug] > Exec(set ideaPort in Global := 63416, None, None)
[info] Defining Global / ideaPort
[info] The new value will be used by Compile / compile, Test / compile
[debug] Defining 
[debug] 	Global / ideaPort
[debug] 
[debug] The new value will be used by 
[debug] 	Compile / compile
[debug] 	Test / compile
[info] Reapplying settings...
[info] set current project to lesson12-seasled-traits (in build file:/C:/Users/akmal.soliev/OneDrive%20-%20Nunatac%20S.r.l/Formazione/Scala/programming-with-scala-notepad/lesson12-seasled-traits/)
[debug] > Exec(idea-shell, None, None)
